<?xml version="1.0" encoding="UTF-8"?>
<!-- Generated by org.testng.reporters.JUnitReportReporter -->
<testsuite hostname="DESKTOP-6FQQ1FF" failures="0" tests="1" name="com.facebook.loginTests.LoginTest" time="8.156" errors="0" timestamp="2023-10-07T12:19:56 EDT" skipped="0">
  <testcase classname="com.facebook.loginTests.LoginTest" name="loginTest" time="8.156"/>
  <system-out/>
</testsuite> <!-- com.facebook.loginTests.LoginTest -->
