<?xml version="1.0" encoding="UTF-8"?>
<!-- Generated by org.testng.reporters.JUnitReportReporter -->
<testsuite hostname="DESKTOP-6FQQ1FF" failures="0" tests="3" name="com.facebook.loginTests.LoginFunctionalTest" time="8.501" errors="0" timestamp="2023-10-07T13:29:50 EDT" skipped="0">
  <testcase classname="com.facebook.loginTests.LoginFunctionalTest" name="userNameTest" time="2.879"/>
  <system-out/>
  <testcase classname="com.facebook.loginTests.LoginFunctionalTest" name="passwordTest" time="3.010"/>
  <system-out/>
  <testcase classname="com.facebook.loginTests.LoginFunctionalTest" name="loginTest" time="2.612"/>
  <system-out/>
</testsuite> <!-- com.facebook.loginTests.LoginFunctionalTest -->
